<?xml version="1.0" encoding="UTF-8"?>
<!-- Generated by org.testng.reporters.JUnitReportReporter -->
<testsuite hostname="WINDOWS-RM6RKV3" failures="0" tests="1" name="testRunner.TestNGTestRunner" time="0.255" errors="0" timestamp="2021-09-08T23:35:55 IST" skipped="0">
  <testcase classname="testRunner.TestNGTestRunner" name="runScenario" time="0.255"/>
  <system-out/>
</testsuite> <!-- testRunner.TestNGTestRunner -->
